<?xml version="1.0" encoding="UTF-8"?>
<testng-results skipped="0" failed="0" ignored="0" total="1" passed="1">
  <reporter-output>
  </reporter-output>
  <suite name="Suite" duration-ms="10902" started-at="2018-09-07T09:43:22Z" finished-at="2018-09-07T09:43:33Z">
    <groups>
    </groups>
    <test name="Test" duration-ms="10902" started-at="2018-09-07T09:43:22Z" finished-at="2018-09-07T09:43:33Z">
      <class name="com.cognizant.application.TestClass">
        <test-method status="PASS" signature="setup()[pri:0, instance:com.cognizant.application.TestClass@1e46e8f]" name="setup" is-config="true" duration-ms="8185" started-at="2018-09-07T09:43:22Z" finished-at="2018-09-07T09:43:30Z">
          <reporter-output>
          </reporter-output>
        </test-method> <!-- setup -->
        <test-method status="PASS" signature="m3()[pri:0, instance:com.cognizant.application.TestClass@1e46e8f]" name="m3" duration-ms="312" started-at="2018-09-07T09:43:30Z" finished-at="2018-09-07T09:43:30Z">
          <reporter-output>
          </reporter-output>
        </test-method> <!-- m3 -->
        <test-method status="PASS" signature="tearDown()[pri:0, instance:com.cognizant.application.TestClass@1e46e8f]" name="tearDown" is-config="true" duration-ms="2378" started-at="2018-09-07T09:43:30Z" finished-at="2018-09-07T09:43:33Z">
          <reporter-output>
          </reporter-output>
        </test-method> <!-- tearDown -->
      </class> <!-- com.cognizant.application.TestClass -->
    </test> <!-- Test -->
  </suite> <!-- Suite -->
</testng-results>
