<?xml version="1.0" encoding="UTF-8"?>
<testng-results skipped="0" failed="0" ignored="0" total="2" passed="2">
  <reporter-output>
  </reporter-output>
  <suite name="Default suite" duration-ms="12846" started-at="2018-09-07T10:03:01Z" finished-at="2018-09-07T10:03:14Z">
    <groups>
    </groups>
    <test name="Default test" duration-ms="12846" started-at="2018-09-07T10:03:01Z" finished-at="2018-09-07T10:03:14Z">
      <class name="com.cognizant.application.TestClass">
        <test-method status="PASS" signature="setup()[pri:0, instance:com.cognizant.application.TestClass@6fa38a]" name="setup" is-config="true" duration-ms="9620" started-at="2018-09-07T10:03:01Z" finished-at="2018-09-07T10:03:11Z">
          <reporter-output>
          </reporter-output>
        </test-method> <!-- setup -->
        <test-method status="PASS" signature="m3()[pri:0, instance:com.cognizant.application.TestClass@6fa38a]" name="m3" duration-ms="770" started-at="2018-09-07T10:03:11Z" finished-at="2018-09-07T10:03:11Z">
          <reporter-output>
          </reporter-output>
        </test-method> <!-- m3 -->
        <test-method status="PASS" signature="m4()[pri:0, instance:com.cognizant.application.TestClass@6fa38a]" name="m4" duration-ms="50" started-at="2018-09-07T10:03:11Z" finished-at="2018-09-07T10:03:12Z">
          <reporter-output>
          </reporter-output>
        </test-method> <!-- m4 -->
        <test-method status="PASS" signature="tearDown()[pri:0, instance:com.cognizant.application.TestClass@6fa38a]" name="tearDown" is-config="true" duration-ms="2366" started-at="2018-09-07T10:03:12Z" finished-at="2018-09-07T10:03:14Z">
          <reporter-output>
          </reporter-output>
        </test-method> <!-- tearDown -->
      </class> <!-- com.cognizant.application.TestClass -->
    </test> <!-- Default test -->
  </suite> <!-- Default suite -->
</testng-results>
