<?xml version="1.0" encoding="UTF-8"?>
<testng-results skipped="0" failed="0" ignored="0" total="1" passed="1">
  <reporter-output>
  </reporter-output>
  <suite name="Default suite" duration-ms="13532" started-at="2018-09-07T09:41:53Z" finished-at="2018-09-07T09:42:07Z">
    <groups>
    </groups>
    <test name="Default test" duration-ms="13532" started-at="2018-09-07T09:41:53Z" finished-at="2018-09-07T09:42:07Z">
      <class name="com.cognizant.application.TestClass">
        <test-method status="PASS" signature="setup()[pri:0, instance:com.cognizant.application.TestClass@6fa38a]" name="setup" is-config="true" duration-ms="11023" started-at="2018-09-07T09:41:53Z" finished-at="2018-09-07T09:42:04Z">
          <reporter-output>
          </reporter-output>
        </test-method> <!-- setup -->
        <test-method status="PASS" signature="m3()[pri:0, instance:com.cognizant.application.TestClass@6fa38a]" name="m3" duration-ms="393" started-at="2018-09-07T09:42:04Z" finished-at="2018-09-07T09:42:05Z">
          <reporter-output>
          </reporter-output>
        </test-method> <!-- m3 -->
        <test-method status="PASS" signature="tearDown()[pri:0, instance:com.cognizant.application.TestClass@6fa38a]" name="tearDown" is-config="true" duration-ms="2087" started-at="2018-09-07T09:42:05Z" finished-at="2018-09-07T09:42:07Z">
          <reporter-output>
          </reporter-output>
        </test-method> <!-- tearDown -->
      </class> <!-- com.cognizant.application.TestClass -->
    </test> <!-- Default test -->
  </suite> <!-- Default suite -->
</testng-results>
